c:\users\dbsgu\desktop\visual 15\projecttool\win32project1\debug\vc140.pdb
c:\users\dbsgu\desktop\visual 15\projecttool\win32project1\debug\vc140.idb
c:\users\dbsgu\desktop\visual 15\projecttool\win32project1\debug\win32project1.pch
c:\users\dbsgu\desktop\visual 15\projecttool\win32project1\debug\stdafx.obj
c:\users\dbsgu\desktop\visual 15\projecttool\win32project1\debug\frame_manager.obj
c:\users\dbsgu\desktop\visual 15\projecttool\win32project1\debug\gameobject.obj
c:\users\dbsgu\desktop\visual 15\projecttool\win32project1\debug\graphic_device.obj
c:\users\dbsgu\desktop\visual 15\projecttool\win32project1\debug\maingame.obj
c:\users\dbsgu\desktop\visual 15\projecttool\win32project1\debug\multi_texture.obj
c:\users\dbsgu\desktop\visual 15\projecttool\win32project1\debug\scene.obj
c:\users\dbsgu\desktop\visual 15\projecttool\win32project1\debug\scroll_manager.obj
c:\users\dbsgu\desktop\visual 15\projecttool\win32project1\debug\single_texture.obj
c:\users\dbsgu\desktop\visual 15\projecttool\win32project1\debug\terrain.obj
c:\users\dbsgu\desktop\visual 15\projecttool\win32project1\debug\texture.obj
c:\users\dbsgu\desktop\visual 15\projecttool\win32project1\debug\texture_manager.obj
c:\users\dbsgu\desktop\visual 15\projecttool\win32project1\debug\time_manager.obj
c:\users\dbsgu\desktop\visual 15\projecttool\win32project1\debug\town.obj
c:\users\dbsgu\desktop\visual 15\projecttool\win32project1\debug\win32project1.obj
c:\users\dbsgu\desktop\visual 15\projecttool\win32project1\debug\gameobject_manager.obj
c:\users\dbsgu\desktop\visual 15\projecttool\win32project1\debug\scene_manager.obj
c:\users\dbsgu\desktop\visual 15\projecttool\win32project1\debug\keymanager.obj
c:\users\dbsgu\desktop\visual 15\projecttool\win32project1\debug\player.obj
c:\users\dbsgu\desktop\visual 15\projecttool\win32project1\debug\loading.obj
c:\users\dbsgu\desktop\visual 15\projecttool\win32project1\debug\background.obj
c:\users\dbsgu\desktop\visual 15\projecttool\win32project1\debug\mainmenu.obj
c:\users\dbsgu\desktop\visual 15\projecttool\win32project1\debug\mybutton.obj
c:\users\dbsgu\desktop\visual 15\projecttool\win32project1\debug\collision_manager.obj
c:\users\dbsgu\desktop\visual 15\projecttool\win32project1\debug\bullet.obj
c:\users\dbsgu\desktop\visual 15\projecttool\win32project1\debug\bossroom1.obj
c:\users\dbsgu\desktop\visual 15\projecttool\win32project1\debug\monster.obj
c:\users\dbsgu\desktop\visual 15\projecttool\win32project1\debug\bossa_arm.obj
c:\users\dbsgu\desktop\visual 15\projecttool\win32project1\debug\shadow.obj
c:\users\dbsgu\desktop\visual 15\projecttool\win32project1\debug\stone.obj
c:\users\dbsgu\desktop\visual 15\projecttool\win32project1\debug\ui.obj
c:\users\dbsgu\desktop\visual 15\projecttool\win32project1\debug\wave.obj
c:\users\dbsgu\desktop\visual 15\projecttool\win32project1\debug\monsterb.obj
c:\users\dbsgu\desktop\visual 15\projecttool\win32project1\debug\bossroom2.obj
c:\users\dbsgu\desktop\visual 15\projecttool\win32project1\debug\mbullet.obj
c:\users\dbsgu\desktop\visual 15\projecttool\debug\win32project1.ilk
c:\users\dbsgu\desktop\visual 15\projecttool\debug\win32project1.exe
c:\users\dbsgu\desktop\visual 15\projecttool\debug\win32project1.pdb
c:\users\dbsgu\desktop\visual 15\projecttool\win32project1\debug\win32project1.res
c:\users\dbsgu\desktop\visual 15\projecttool\win32project1\debug\shadow.obj.enc
c:\users\dbsgu\desktop\visual 15\projecttool\win32project1\debug\win32project1.tlog\cl.command.1.tlog
c:\users\dbsgu\desktop\visual 15\projecttool\win32project1\debug\win32project1.tlog\cl.read.1.tlog
c:\users\dbsgu\desktop\visual 15\projecttool\win32project1\debug\win32project1.tlog\cl.write.1.tlog
c:\users\dbsgu\desktop\visual 15\projecttool\win32project1\debug\win32project1.tlog\link.command.1.tlog
c:\users\dbsgu\desktop\visual 15\projecttool\win32project1\debug\win32project1.tlog\link.read.1.tlog
c:\users\dbsgu\desktop\visual 15\projecttool\win32project1\debug\win32project1.tlog\link.write.1.tlog
c:\users\dbsgu\desktop\visual 15\projecttool\win32project1\debug\win32project1.tlog\rc.command.1.tlog
c:\users\dbsgu\desktop\visual 15\projecttool\win32project1\debug\win32project1.tlog\rc.read.1.tlog
c:\users\dbsgu\desktop\visual 15\projecttool\win32project1\debug\win32project1.tlog\rc.write.1.tlog
